<?xml version="1.0" encoding="UTF-8"?>
<!-- Generated by org.testng.reporters.JUnitReportReporter -->
<testsuite hostname="Subramanyams-MacBook-Pro.local" failures="0" tests="1" name="com.celos.qa.api.test.ApiGetRequestTest" time="1.667" errors="0" timestamp="13 Mar 2023 11:02:01 GMT">
  <testcase classname="com.celos.qa.api.test.ApiGetRequestTest" name="getRequestTest" time="1.667"/>
</testsuite> <!-- com.celos.qa.api.test.ApiGetRequestTest -->
